<?xml version="1.0" encoding="UTF-8"?>
<!-- Generated by org.testng.reporters.JUnitXMLReporter -->
<testsuite hostname="DESKTOP-3SL4LUB" ignored="0" name="Test Case 4" tests="3" failures="1" timestamp="08 Sep 2018 08:31:29 GMT" time="0.016" errors="0">
  <testcase name="firstTest" time="0.002" classname="rough.TestCase4"/>
  <testcase name="secondTest" time="0.003" classname="rough.TestCase4">
    <failure type="java.lang.AssertionError" message="null">
      <![CDATA[java.lang.AssertionError: null
at rough.TestCase4.secondTest(TestCase4.java:20)
... Removed 28 stack frames]]>
    </failure>
  </testcase> <!-- secondTest -->
  <testcase name="thirdTest" time="0.001" classname="rough.TestCase4"/>
</testsuite> <!-- Test Case 4 -->
