<?xml version="1.0" encoding="UTF-8"?>
<!-- Generated by org.testng.reporters.JUnitXMLReporter -->
<testsuite hostname="DESKTOP-3SL4LUB" ignored="0" name="Upload Photo Test" tests="1" failures="1" timestamp="08 Sep 2018 08:31:29 GMT" time="0.015" errors="0">
  <testcase name="uploadPhoto" time="0.01" classname="testcases.UploadPhotoTest">
    <failure type="java.lang.NullPointerException">
      <![CDATA[java.lang.NullPointerException
at testcases.UploadPhotoTest.uploadPhoto(UploadPhotoTest.java:15)
... Removed 26 stack frames]]>
    </failure>
  </testcase> <!-- uploadPhoto -->
</testsuite> <!-- Upload Photo Test -->
