<?xml version="1.0" encoding="UTF-8"?>
<testng-results skipped="0" failed="0" total="2" passed="2">
  <reporter-output>
  </reporter-output>
  <suite name="TestNG Online Learning" duration-ms="18272" started-at="2014-05-03T17:03:23Z" finished-at="2014-05-03T17:03:41Z">
    <groups>
    </groups>
    <test name="Login test" duration-ms="17876" started-at="2014-05-03T17:03:23Z" finished-at="2014-05-03T17:03:41Z">
      <class name="com.w2a.facebook.testcases.LoginTest">
        <test-method status="PASS" signature="testLogin()[pri:0, instance:com.w2a.facebook.testcases.LoginTest@2c79a2e7]" name="testLogin" duration-ms="17865" started-at="2014-05-03T22:33:23Z" finished-at="2014-05-03T22:33:41Z">
          <reporter-output>
          </reporter-output>
        </test-method> <!-- testLogin -->
      </class> <!-- com.w2a.facebook.testcases.LoginTest -->
    </test> <!-- Login test -->
    <test name="Profile test" duration-ms="369" started-at="2014-05-03T17:03:41Z" finished-at="2014-05-03T17:03:41Z">
      <class name="com.w2a.facebook.testcases.UploadPicTest">
        <test-method status="PASS" signature="uploadMyPic()[pri:0, instance:com.w2a.facebook.testcases.UploadPicTest@3f6dadf9]" name="uploadMyPic" duration-ms="366" started-at="2014-05-03T22:33:41Z" finished-at="2014-05-03T22:33:41Z">
          <reporter-output>
          </reporter-output>
        </test-method> <!-- uploadMyPic -->
      </class> <!-- com.w2a.facebook.testcases.UploadPicTest -->
    </test> <!-- Profile test -->
  </suite> <!-- TestNG Online Learning -->
</testng-results>
