<?xml version="1.0" encoding="UTF-8"?>
<!-- Generated by org.testng.reporters.JUnitXMLReporter -->
<testsuite hostname="DESKTOP-3SL4LUB" ignored="0" name="Test Case 3" tests="3" failures="1" timestamp="08 Sep 2018 08:30:22 GMT" time="0.093" errors="0">
  <testcase name="firstTest" time="0.023" classname="rough.TestCase3"/>
  <testcase name="secondTest" time="0.006" classname="rough.TestCase3">
    <failure type="java.lang.AssertionError" message="null">
      <![CDATA[java.lang.AssertionError: null
at rough.TestCase3.secondTest(TestCase3.java:20)
... Removed 27 stack frames]]>
    </failure>
  </testcase> <!-- secondTest -->
  <testcase name="thirdTest" time="0.003" classname="rough.TestCase3"/>
</testsuite> <!-- Test Case 3 -->
